<?xml version="1.0" encoding="UTF-8"?>
<testsuite xmlns:xsi="http://www.w3.org/2001/XMLSchema-instance" xsi:noNamespaceSchemaLocation="https://maven.apache.org/surefire/maven-surefire-plugin/xsd/surefire-test-report-3.0.xsd" version="3.0" name="com.example.CalculatorTest" time="0.008" tests="0" errors="0" skipped="0" failures="0">
  <properties>
    <property name="sun.desktop" value="windows"/>
    <property name="awt.toolkit" value="sun.awt.windows.WToolkit"/>
    <property name="file.encoding.pkg" value="sun.io"/>
    <property name="java.specification.version" value="1.8"/>
    <property name="sun.cpu.isalist" value="amd64"/>
    <property name="sun.jnu.encoding" value="Cp1252"/>
    <property name="java.class.path" value="C:\Users\praka\eclipse-workspace\Week2_JUnit,MockitoandSL4J\01_JUnit_BasicTestingExercises\01_controlstructures\code\target\test-classes;C:\Users\praka\eclipse-workspace\Week2_JUnit,MockitoandSL4J\01_JUnit_BasicTestingExercises\01_controlstructures\code\target\classes;"/>
    <property name="java.vm.vendor" value="Oracle Corporation"/>
    <property name="sun.arch.data.model" value="64"/>
    <property name="user.variant" value=""/>
    <property name="java.vendor.url" value="http://java.oracle.com/"/>
    <property name="user.timezone" value="Asia/Calcutta"/>
    <property name="java.vm.specification.version" value="1.8"/>
    <property name="os.name" value="Windows 11"/>
    <property name="user.country" value="IN"/>
    <property name="sun.java.launcher" value="SUN_STANDARD"/>
    <property name="sun.boot.library.path" value="C:\Setup Files\JAVA\jdk-1.8\jre\bin"/>
    <property name="sun.java.command" value="C:\Users\praka\AppData\Local\Temp\surefire4519552310752257692\surefirebooter-20250625225822748_3.jar C:\Users\praka\AppData\Local\Temp\surefire4519552310752257692 2025-06-25T22-58-20_013-jvmRun1 surefire-20250625225822748_1tmp surefire_0-20250625225822748_2tmp"/>
    <property name="surefire.test.class.path" value="C:\Users\praka\eclipse-workspace\Week2_JUnit,MockitoandSL4J\01_JUnit_BasicTestingExercises\01_controlstructures\code\target\test-classes;C:\Users\praka\eclipse-workspace\Week2_JUnit,MockitoandSL4J\01_JUnit_BasicTestingExercises\01_controlstructures\code\target\classes;"/>
    <property name="sun.cpu.endian" value="little"/>
    <property name="user.home" value="C:\Users\praka"/>
    <property name="user.language" value="en"/>
    <property name="java.specification.vendor" value="Oracle Corporation"/>
    <property name="java.home" value="C:\Setup Files\JAVA\jdk-1.8\jre"/>
    <property name="basedir" value="C:\Users\praka\eclipse-workspace\Week2_JUnit,MockitoandSL4J\01_JUnit_BasicTestingExercises\01_controlstructures\code"/>
    <property name="style.color" value="always"/>
    <property name="file.separator" value="\"/>
    <property name="line.separator" value="&#10;"/>
    <property name="java.vm.specification.vendor" value="Oracle Corporation"/>
    <property name="java.specification.name" value="Java Platform API Specification"/>
    <property name="java.awt.graphicsenv" value="sun.awt.Win32GraphicsEnvironment"/>
    <property name="surefire.real.class.path" value="C:\Users\praka\AppData\Local\Temp\surefire4519552310752257692\surefirebooter-20250625225822748_3.jar"/>
    <property name="sun.boot.class.path" value="C:\Setup Files\JAVA\jdk-1.8\jre\lib\resources.jar;C:\Setup Files\JAVA\jdk-1.8\jre\lib\rt.jar;C:\Setup Files\JAVA\jdk-1.8\jre\lib\jsse.jar;C:\Setup Files\JAVA\jdk-1.8\jre\lib\jce.jar;C:\Setup Files\JAVA\jdk-1.8\jre\lib\charsets.jar;C:\Setup Files\JAVA\jdk-1.8\jre\lib\jfr.jar;C:\Setup Files\JAVA\jdk-1.8\jre\classes"/>
    <property name="user.script" value=""/>
    <property name="sun.management.compiler" value="HotSpot 64-Bit Tiered Compilers"/>
    <property name="java.runtime.version" value="1.8.0_411-b09"/>
    <property name="user.name" value="praka"/>
    <property name="path.separator" value=";"/>
    <property name="os.version" value="10.0"/>
    <property name="java.endorsed.dirs" value="C:\Setup Files\JAVA\jdk-1.8\jre\lib\endorsed"/>
    <property name="java.runtime.name" value="Java(TM) SE Runtime Environment"/>
    <property name="file.encoding" value="Cp1252"/>
    <property name="java.vm.name" value="Java HotSpot(TM) 64-Bit Server VM"/>
    <property name="localRepository" value="C:\Users\praka\.m2\repository"/>
    <property name="java.vendor.url.bug" value="http://bugreport.sun.com/bugreport/"/>
    <property name="java.io.tmpdir" value="C:\Users\praka\AppData\Local\Temp\"/>
    <property name="java.version" value="1.8.0_411"/>
    <property name="user.dir" value="C:\Users\praka\eclipse-workspace\Week2_JUnit,MockitoandSL4J\01_JUnit_BasicTestingExercises\01_controlstructures\code"/>
    <property name="os.arch" value="amd64"/>
    <property name="java.vm.specification.name" value="Java Virtual Machine Specification"/>
    <property name="java.awt.printerjob" value="sun.awt.windows.WPrinterJob"/>
    <property name="sun.os.patch.level" value=""/>
    <property name="java.library.path" value="C:\Setup Files\JAVA\jdk-1.8\jre\bin;C:\WINDOWS\Sun\Java\bin;C:\WINDOWS\system32;C:\WINDOWS;C:/Users/praka/.p2/pool/plugins/org.eclipse.justj.openjdk.hotspot.jre.full.win32.x86_64_17.0.8.v20230831-1047/jre/bin/server;C:/Users/praka/.p2/pool/plugins/org.eclipse.justj.openjdk.hotspot.jre.full.win32.x86_64_17.0.8.v20230831-1047/jre/bin;C:\app\praka\product\21c\dbhomeXE\bin;C:\Program Files\Common Files\Oracle\Java\javapath;C:\Program Files (x86)\Common Files\Oracle\Java\java8path;C:\Program Files (x86)\Common Files\Oracle\Java\javapath;C:\Python312\Scripts\;C:\Python312\;C:\WINDOWS\system32;C:\WINDOWS;C:\WINDOWS\System32\Wbem;C:\WINDOWS\System32\WindowsPowerShell\v1.0\;C:\WINDOWS\System32\OpenSSH\;C:\Program Files\Microsoft SQL Server\150\Tools\Binn\;C:\Program Files\Microsoft SQL Server\Client SDK\ODBC\170\Tools\Binn\;C:\Program Files\nodejs\;C:\ProgramData\chocolatey\bin;C:\Program Files\Git\cmd;C:\Users\praka\OneDrive\Desktop\xampp 22\php;C:\ProgramData\ComposerSetup\bin;C:\xamppfresh\php;C:\Setup Files\JAVA\jdk-1.8\bin;C:\Setup Files\hadoop\bin;C:\Setup Files\hadoop\sbin;C:\Setup Files\hadoop;C:\hbase\bin;C:\Program Files\dotnet\;C:\buildtool\apache-maven-3.9.9\bin;C:\Program Files\Java\jdk-17\bin;C:\Program Files\MySQL\MySQL Server 8.0\bin;C:\Program Files\MySQL\MySQL Shell 8.0\bin\;C:\Users\praka\AppData\Local\Microsoft\WindowsApps;C:\Users\praka\AppData\Local\Programs\Microsoft VS Code\bin;C:\Users\praka\.dotnet\tools;C:\Users\praka\AppData\Roaming\npm;C:\Python312;C:\Python312\Scripts;C:\Program Files\MongoDB\Server\8.0\bin;C:\Program Files\MongoDB\Server\8.0\bin\mongosh-2.3.2-win32-x64\bin;C:\Program Files\MongoDB\Server\8.0\bin\shell\bin;C:\Users\praka\AppData\Roaming\Composer\vendor\bin;C:\Users\praka\AppData\Local\Programs\cursor\resources\app\bin;C:\Users\praka\AppData\Local\Programs\Windsurf\bin;C:\WINDOWS\System32;;."/>
    <property name="java.vm.info" value="mixed mode"/>
    <property name="java.vendor" value="Oracle Corporation"/>
    <property name="java.vm.version" value="25.411-b09"/>
    <property name="java.specification.maintenance.version" value="5"/>
    <property name="java.ext.dirs" value="C:\Setup Files\JAVA\jdk-1.8\jre\lib\ext;C:\WINDOWS\Sun\Java\lib\ext"/>
    <property name="sun.io.unicode.encoding" value="UnicodeLittle"/>
    <property name="java.class.version" value="52.0"/>
  </properties>
</testsuite>